Initializing document watcher...
Document watcher initialized
danielzcomputacao/README-cloudshell.txt: {}
danielzcomputacao/README-cloudshell.txt: {}
danielzcomputacao/README-cloudshell.txt: {}
danielzcomputacao/README-cloudshell.txt: {}
danielzcomputacao/README-cloudshell.txt: {}
danielzcomputacao/README-cloudshell.txt: {}
danielzcomputacao/README-cloudshell.txt: {}
danielzcomputacao/README-cloudshell.txt: {}
danielzcomputacao/README-cloudshell.txt: {}
danielzcomputacao/README-cloudshell.txt: {}
danielzcomputacao/README-cloudshell.txt: {}
danielzcomputacao/05-django/requirements.txt: {}
danielzcomputacao/05-django/requirements.txt: {}
danielzcomputacao/05-django/requirements.txt: {}
danielzcomputacao/05-django/manage.py: {}
danielzcomputacao/05-django/manage.py: {}
danielzcomputacao/05-django/manage.py: {}
danielzcomputacao/05-django/manage.py: {}
danielzcomputacao/05-django/manage.py: {}
danielzcomputacao/05-django/lojavirtual/settings.py: {}
danielzcomputacao/05-django/lojavirtual/settings.py: {}
danielzcomputacao/05-django/lojavirtual/settings.py: Using EditorConfig core...
danielzcomputacao/05-django/lojavirtual/settings.py: Using EditorConfig core...
danielzcomputacao/05-django/lojavirtual/settings.py: {}
danielzcomputacao/05-django/lojavirtual/settings.py: {}
danielzcomputacao/05-django/lojavirtual/settings.py: Using EditorConfig core...
danielzcomputacao/05-django/lojavirtual/settings.py: Using EditorConfig core...
danielzcomputacao/05-django/lojavirtual/settings.py: Using EditorConfig core...
danielzcomputacao/05-django/lojavirtual/settings.py: {}
danielzcomputacao/05-django/lojavirtual/settings.py: {}
danielzcomputacao/05-django/lojavirtual/settings.py: {}
danielzcomputacao/05-django/lojavirtual/settings.py: {}
danielzcomputacao/05-django/lojavirtual/settings.py: Using EditorConfig core...
danielzcomputacao/05-django/lojavirtual/settings.py: {}
danielzcomputacao/05-django/lojavirtual/settings.py: {}
danielzcomputacao/05-django/lojavirtual/settings.py: {}
danielzcomputacao/05-django/lojavirtual/settings.py: {}
danielzcomputacao/05-django/lojavirtual/settings.py: {}
danielzcomputacao/05-django/lojavirtual/settings.py: {}
danielzcomputacao/05-django/lojavirtual/settings.py: {}
danielzcomputacao/05-django/lojavirtual/settings.py: Using EditorConfig core...
danielzcomputacao/05-django/lojavirtual/settings.py: Using EditorConfig core...
danielzcomputacao/05-django/lojavirtual/settings.py: Using EditorConfig core...
danielzcomputacao/05-django/lojavirtual/settings.py: {}
danielzcomputacao/05-django/lojavirtual/settings.py: {}
danielzcomputacao/05-django/lojavirtual/settings.py: {}
danielzcomputacao/05-django/lojavirtual/settings.py: {}
danielzcomputacao/05-django/lojavirtual/settings.py: {}
danielzcomputacao/05-django/lojavirtual/settings.py: {}
danielzcomputacao/05-django/lojavirtual/settings.py: {}
danielzcomputacao/05-django/lojavirtual/settings.py: Using EditorConfig core...
danielzcomputacao/05-django/lojavirtual/settings.py: {}
danielzcomputacao/05-django/lojavirtual/settings.py: Using EditorConfig core...
danielzcomputacao/05-django/lojavirtual/settings.py: Using EditorConfig core...
danielzcomputacao/05-django/lojavirtual/settings.py: {}
danielzcomputacao/05-django/lojavirtual/settings.py: {}
danielzcomputacao/05-django/lojavirtual/settings.py: {}
danielzcomputacao/05-django/lojavirtual/settings.py: {}
danielzcomputacao/05-django/lojavirtual/settings.py: Using EditorConfig core...
danielzcomputacao/05-django/lojavirtual/settings.py: {}
danielzcomputacao/05-django/lojavirtual/settings.py: {}
danielzcomputacao/05-django/lojavirtual/settings.py: {}
danielzcomputacao/05-django/lojavirtual/settings.py: {}
danielzcomputacao/05-django/lojavirtual/settings.py: {}
danielzcomputacao/05-django/lojavirtual/settings.py: {}
danielzcomputacao/05-django/lojavirtual/settings.py: {}
danielzcomputacao/05-django/lojavirtual/settings.py: {}
danielzcomputacao/05-django/lojavirtual/settings.py: {}
danielzcomputacao/05-django/lojavirtual/settings.py: {}
danielzcomputacao/05-django/lojavirtual/settings.py: {}
No more open editors.
No more open editors.
No more open editors.
danielzcomputacao/README-cloudshell.txt: {}
