2024-04-26 11:42:52.349 [info] Extension host with pid 1129 started
2024-04-26 11:42:52.400 [info] Lock '/home/danielzcomputacao/.codeoss/data/User/workspaceStorage/-5757be2a/vscode.lock': Lock acquired.
2024-04-26 11:42:52.544 [info] ExtensionService#_doActivateExtension vscode.emmet, startup: false, activationEvent: 'onLanguage'
2024-04-26 11:42:53.547 [info] ExtensionService#_doActivateExtension vscode.git-base, startup: true, activationEvent: '*', root cause: vscode.git
2024-04-26 11:42:55.413 [info] ExtensionService#_doActivateExtension vscode.git, startup: true, activationEvent: '*'
2024-04-26 11:42:55.413 [info] ExtensionService#_doActivateExtension vscode.github, startup: true, activationEvent: '*'
2024-04-26 11:42:56.903 [info] Eager extensions activated
2024-04-26 11:42:56.903 [info] ExtensionService#_doActivateExtension EditorConfig.EditorConfig, startup: false, activationEvent: 'onStartupFinished'
2024-04-26 11:42:56.904 [info] ExtensionService#_doActivateExtension google.cloud-shell, startup: false, activationEvent: 'onStartupFinished'
2024-04-26 11:42:56.904 [info] ExtensionService#_doActivateExtension googlecloudtools.cloudcode, startup: false, activationEvent: 'onStartupFinished'
2024-04-26 11:42:56.905 [info] ExtensionService#_doActivateExtension vscode.debug-auto-launch, startup: false, activationEvent: 'onStartupFinished'
2024-04-26 11:42:56.905 [info] ExtensionService#_doActivateExtension vscode.merge-conflict, startup: false, activationEvent: 'onStartupFinished'
2024-04-26 11:42:57.641 [error] No bundle location found for extension EditorConfig.EditorConfig
2024-04-26 11:42:57.709 [error] No bundle location found for extension googlecloudtools.cloudcode
2024-04-26 11:42:59.993 [error] No bundle location found for extension google.cloud-shell
2024-04-26 11:43:00.202 [info] ExtensionService#_doActivateExtension vscode.json-language-features, startup: false, activationEvent: 'onLanguage:jsonc'
2024-04-26 11:43:00.203 [info] ExtensionService#_doActivateExtension vscode.typescript-language-features, startup: false, activationEvent: 'onLanguage:jsonc'
2024-04-26 11:43:51.100 [info] Extension host terminating: received terminate message from renderer
2024-04-26 11:43:51.101 [info] Lock '/home/danielzcomputacao/.codeoss/data/User/workspaceStorage/-5757be2a/vscode.lock': Marking the lockfile as scheduled to be released in 6000 ms.
2024-04-26 11:43:51.136 [info] Extension host with pid 1129 exiting with code 0
