2024-06-13 17:49:11.021 [info] Reading sessions from keychain...
2024-06-13 17:49:11.143 [info] Getting sessions for all scopes...
2024-06-13 17:49:11.143 [info] Got 0 sessions for ...
2024-06-13 17:49:11.160 [info] Getting sessions for read:user,repo,user:email,workflow...
2024-06-13 17:49:11.160 [info] Got 0 sessions for read:user,repo,user:email,workflow...
2024-06-13 17:49:14.071 [info] Logging in for the following scopes: read:user repo user:email workflow
2024-06-13 17:49:14.367 [info] Trying device code flow... (read:user repo user:email workflow)
2024-06-13 17:50:35.950 [error] User Cancelled
2024-06-13 17:50:53.935 [info] Getting sessions for read:user,repo,user:email,workflow...
2024-06-13 17:50:53.935 [info] Got 0 sessions for read:user,repo,user:email,workflow...
2024-06-13 17:51:04.455 [info] Logging in for the following scopes: read:user repo user:email workflow
2024-06-13 17:51:04.603 [info] Trying device code flow... (read:user repo user:email workflow)
2024-06-13 17:52:38.271 [info] Getting user info...
2024-06-13 17:52:38.502 [info] Got account info!
2024-06-13 17:52:38.502 [info] Storing 1 sessions...
2024-06-13 17:52:38.649 [info] Reading sessions from keychain...
2024-06-13 17:52:38.649 [info] Stored 1 sessions!
2024-06-13 17:52:38.650 [info] Login success!
2024-06-13 17:52:38.795 [info] Got stored sessions!
2024-06-13 17:52:38.795 [info] Got 1 verified sessions.
