Initializing document watcher...
Document watcher initialized
/User/settings.json: Using EditorConfig core...
danielzcomputacao/README-cloudshell.txt: {}
danielzcomputacao/README-cloudshell.txt: {}
danielzcomputacao/README-cloudshell.txt: {}
danielzcomputacao/README-cloudshell.txt: {}
danielzcomputacao/README-cloudshell.txt: {}
danielzcomputacao/README-cloudshell.txt: {}
danielzcomputacao/README-cloudshell.txt: {}
danielzcomputacao/README-cloudshell.txt: {}
danielzcomputacao/README-cloudshell.txt: {}
danielzcomputacao/README-cloudshell.txt: {}
danielzcomputacao/README-cloudshell.txt: {}
danielzcomputacao/README-cloudshell.txt: {}
danielzcomputacao/README-cloudshell.txt: {}
danielzcomputacao/README-cloudshell.txt: {}
danielzcomputacao/README-cloudshell.txt: {}
danielzcomputacao/README-cloudshell.txt: {}
danielzcomputacao/README-cloudshell.txt: {}
danielzcomputacao/README-cloudshell.txt: {}
danielzcomputacao/README-cloudshell.txt: {}
danielzcomputacao/README-cloudshell.txt: {}
danielzcomputacao/README-cloudshell.txt: {}
danielzcomputacao/.gitignore: {}
danielzcomputacao/.gitignore: Using EditorConfig core...
danielzcomputacao/.gitignore: Using EditorConfig core...
danielzcomputacao/.gitignore: {}
danielzcomputacao/.gitignore: Using EditorConfig core...
vscode.git.Git: {}
vscode.git.Git: {}
vscode.git.Git: {}
vscode.git.Git: {}
danielzcomputacao/.gitignore: {}
