2024-04-26 11:44:09.938 [info] Nível de log: Info
2024-04-26 11:44:09.938 [info] Validando o git encontrado em: git
2024-04-26 11:44:09.938 [info] Usando git ''2.34.1'' de ''git''
2024-04-26 11:44:09.939 [info] > git rev-parse --show-toplevel [6ms]
2024-04-26 11:44:09.939 [info] fatal: not a git repository (or any parent up to mount point /)
Stopping at filesystem boundary (GIT_DISCOVERY_ACROSS_FILESYSTEM not set).
2024-04-26 11:44:09.939 [info] > git rev-parse --show-toplevel [4ms]
2024-04-26 11:44:09.939 [info] fatal: not a git repository (or any parent up to mount point /)
Stopping at filesystem boundary (GIT_DISCOVERY_ACROSS_FILESYSTEM not set).
2024-04-26 11:44:09.939 [info] > git rev-parse --show-toplevel [4ms]
2024-04-26 11:44:09.939 [info] fatal: not a git repository (or any parent up to mount point /)
Stopping at filesystem boundary (GIT_DISCOVERY_ACROSS_FILESYSTEM not set).
2024-04-26 11:44:09.940 [info] > git rev-parse --show-toplevel [4ms]
2024-04-26 11:44:09.940 [info] fatal: not a git repository (or any parent up to mount point /)
Stopping at filesystem boundary (GIT_DISCOVERY_ACROSS_FILESYSTEM not set).
2024-04-26 11:44:09.940 [info] > git rev-parse --show-toplevel [4ms]
2024-04-26 11:44:09.940 [info] fatal: not a git repository (or any parent up to mount point /)
Stopping at filesystem boundary (GIT_DISCOVERY_ACROSS_FILESYSTEM not set).
2024-04-26 11:44:09.940 [info] > git rev-parse --show-toplevel [3ms]
2024-04-26 11:44:09.941 [info] fatal: not a git repository (or any parent up to mount point /)
Stopping at filesystem boundary (GIT_DISCOVERY_ACROSS_FILESYSTEM not set).
2024-04-26 11:44:09.941 [info] > git rev-parse --show-toplevel [3ms]
2024-04-26 11:44:09.941 [info] fatal: not a git repository (or any parent up to mount point /)
Stopping at filesystem boundary (GIT_DISCOVERY_ACROSS_FILESYSTEM not set).
2024-04-26 11:44:09.941 [info] > git rev-parse --show-toplevel [4ms]
2024-04-26 11:44:09.941 [info] fatal: not a git repository (or any parent up to mount point /)
Stopping at filesystem boundary (GIT_DISCOVERY_ACROSS_FILESYSTEM not set).
2024-04-26 11:44:09.941 [info] > git rev-parse --show-toplevel [4ms]
2024-04-26 11:44:09.942 [info] fatal: not a git repository (or any parent up to mount point /)
Stopping at filesystem boundary (GIT_DISCOVERY_ACROSS_FILESYSTEM not set).
2024-04-26 11:49:15.099 [info] > git rev-parse --show-toplevel [3ms]
2024-04-26 11:49:15.099 [info] fatal: not a git repository (or any parent up to mount point /)
Stopping at filesystem boundary (GIT_DISCOVERY_ACROSS_FILESYSTEM not set).
2024-04-26 11:49:41.160 [info] > git rev-parse --show-toplevel [7ms]
2024-04-26 11:49:41.160 [info] fatal: not a git repository (or any parent up to mount point /)
Stopping at filesystem boundary (GIT_DISCOVERY_ACROSS_FILESYSTEM not set).
2024-04-26 11:52:09.487 [info] > git rev-parse --show-toplevel [10ms]
2024-04-26 11:52:09.487 [info] fatal: not a git repository (or any parent up to mount point /)
Stopping at filesystem boundary (GIT_DISCOVERY_ACROSS_FILESYSTEM not set).
2024-04-26 12:37:45.359 [info] > git rev-parse --show-toplevel [2ms]
2024-04-26 12:37:45.359 [info] fatal: not a git repository (or any parent up to mount point /)
Stopping at filesystem boundary (GIT_DISCOVERY_ACROSS_FILESYSTEM not set).
