2024-04-26 11:44:05.291 [info] Extension host with pid 1257 started
2024-04-26 11:44:05.400 [info] Lock '/home/danielzcomputacao/.codeoss/data/User/workspaceStorage/-5757be2a/vscode.lock': Lock acquired.
2024-04-26 11:44:05.520 [info] ExtensionService#_doActivateExtension vscode.emmet, startup: false, activationEvent: 'onLanguage'
2024-04-26 11:44:06.550 [info] ExtensionService#_doActivateExtension vscode.git-base, startup: true, activationEvent: '*', root cause: vscode.git
2024-04-26 11:44:08.176 [info] ExtensionService#_doActivateExtension vscode.git, startup: true, activationEvent: '*'
2024-04-26 11:44:08.177 [info] ExtensionService#_doActivateExtension vscode.github, startup: true, activationEvent: '*'
2024-04-26 11:44:09.485 [info] Eager extensions activated
2024-04-26 11:44:09.485 [info] ExtensionService#_doActivateExtension EditorConfig.EditorConfig, startup: false, activationEvent: 'onStartupFinished'
2024-04-26 11:44:09.486 [info] ExtensionService#_doActivateExtension google.cloud-shell, startup: false, activationEvent: 'onStartupFinished'
2024-04-26 11:44:09.487 [info] ExtensionService#_doActivateExtension googlecloudtools.cloudcode, startup: false, activationEvent: 'onStartupFinished'
2024-04-26 11:44:09.487 [info] ExtensionService#_doActivateExtension vscode.debug-auto-launch, startup: false, activationEvent: 'onStartupFinished'
2024-04-26 11:44:09.488 [info] ExtensionService#_doActivateExtension vscode.merge-conflict, startup: false, activationEvent: 'onStartupFinished'
2024-04-26 11:44:10.397 [error] No bundle location found for extension googlecloudtools.cloudcode
2024-04-26 11:44:12.601 [error] No bundle location found for extension EditorConfig.EditorConfig
2024-04-26 11:44:12.601 [error] No bundle location found for extension google.cloud-shell
2024-04-26 11:44:13.154 [info] ExtensionService#_doActivateExtension vscode.json-language-features, startup: false, activationEvent: 'onLanguage:jsonc'
2024-04-26 11:44:13.155 [info] ExtensionService#_doActivateExtension vscode.typescript-language-features, startup: false, activationEvent: 'onLanguage:jsonc'
2024-04-26 11:49:15.075 [info] ExtensionService#_doActivateExtension ms-python.python, startup: false, activationEvent: 'onLanguage:pip-requirements'
2024-04-26 11:49:17.107 [error] No bundle location found for extension ms-python.python
2024-04-26 11:49:17.322 [warning] Using default string since no string found in i18n bundle that has the key: Source map support is enabled in the Python Extension, this will adversely impact performance of the extension.
2024-04-26 11:49:17.322 [warning] Using default string since no string found in i18n bundle that has the key: Disable Source Map Support
2024-04-26 11:49:17.322 [warning] Using default string since no string found in i18n bundle that has the key: Enabling source map support in the Python Extension will adversely impact performance of the extension.
2024-04-26 11:49:17.322 [warning] Using default string since no string found in i18n bundle that has the key: Enable and reload Window.
2024-04-26 11:49:17.322 [warning] Using default string since no string found in i18n bundle that has the key: Your operating system does not meet the minimum requirements of the Python Language Server. Reverting to the alternative autocompletion provider, Jedi.
2024-04-26 11:49:17.322 [warning] Using default string since no string found in i18n bundle that has the key: You need to select a Python interpreter before you start debugging.

Tip: click on "Select Interpreter" in the status bar.
2024-04-26 11:49:17.322 [warning] Using default string since no string found in i18n bundle that has the key: The Python path in your debug configuration is invalid.
2024-04-26 11:49:17.322 [warning] Using default string since no string found in i18n bundle that has the key: Your launch.json file needs to be updated to change the "pythonExperimental" debug configurations to use the "python" debugger type, otherwise Python debugging may not work. Would you like to automatically update your launch.json file now?
2024-04-26 11:49:17.322 [warning] Using default string since no string found in i18n bundle that has the key: Your launch.json file needs to be updated to change the console type string from "none" to "internalConsole", otherwise Python debugging may not work. Would you like to automatically update your launch.json file now?
2024-04-26 11:49:17.322 [warning] Using default string since no string found in i18n bundle that has the key: Configuration "debugStdLib" in launch.json is no longer supported. It's recommended to replace it with "justMyCode", which is the exact opposite of using "debugStdLib". Would you like to automatically update your launch.json file to do that?
2024-04-26 11:49:17.322 [warning] Using default string since no string found in i18n bundle that has the key: Yes, update launch.json
2024-04-26 11:49:17.323 [warning] Using default string since no string found in i18n bundle that has the key: Your settings needs to be updated to change the setting "python.unitTest." to "python.testing.", otherwise testing Python code using the extension may not work. Would you like to automatically update your settings now?
2024-04-26 11:49:17.323 [warning] Using default string since no string found in i18n bundle that has the key: Yes, update settings
2024-04-26 11:49:17.323 [warning] Using default string since no string found in i18n bundle that has the key: We found outdated configuration for sorting imports in this workspace. Check the [isort upgrade guide](https://aka.ms/AA9j5x4) to update your settings.
2024-04-26 11:49:17.323 [warning] Using default string since no string found in i18n bundle that has the key: The Python extension now includes Pylance to improve completions, code navigation, overall performance and much more! You can learn more about the update and learn how to change your language server [here](https://aka.ms/new-python-bundle).

Read Pylance's license [here](https://marketplace.visualstudio.com/items/ms-python.vscode-pylance/license).
2024-04-26 11:49:17.323 [warning] Using default string since no string found in i18n bundle that has the key: Allow
2024-04-26 11:49:17.323 [warning] Using default string since no string found in i18n bundle that has the key: See Instructions
2024-04-26 11:49:17.323 [warning] Using default string since no string found in i18n bundle that has the key: Close
2024-04-26 11:49:17.323 [warning] Using default string since no string found in i18n bundle that has the key: Yes
2024-04-26 11:49:17.323 [warning] Using default string since no string found in i18n bundle that has the key: No
2024-04-26 11:49:17.323 [warning] Using default string since no string found in i18n bundle that has the key: Yes, please
2024-04-26 11:49:17.323 [warning] Using default string since no string found in i18n bundle that has the key: Canceled
2024-04-26 11:49:17.323 [warning] Using default string since no string found in i18n bundle that has the key: Cancel
2024-04-26 11:49:17.323 [warning] Using default string since no string found in i18n bundle that has the key: Ok
2024-04-26 11:49:17.323 [warning] Using default string since no string found in i18n bundle that has the key: Error
2024-04-26 11:49:17.323 [warning] Using default string since no string found in i18n bundle that has the key: Got it!
2024-04-26 11:49:17.323 [warning] Using default string since no string found in i18n bundle that has the key: Install
2024-04-26 11:49:17.323 [warning] Using default string since no string found in i18n bundle that has the key: Python extension loading...
2024-04-26 11:49:17.323 [warning] Using default string since no string found in i18n bundle that has the key: Show output
2024-04-26 11:49:17.323 [warning] Using default string since no string found in i18n bundle that has the key: No, I will do it later
2024-04-26 11:49:17.323 [warning] Using default string since no string found in i18n bundle that has the key: Not now
2024-04-26 11:49:17.323 [warning] Using default string since no string found in i18n bundle that has the key: Do not show again
2024-04-26 11:49:17.323 [warning] Using default string since no string found in i18n bundle that has the key: Reload
2024-04-26 11:49:17.323 [warning] Using default string since no string found in i18n bundle that has the key: More Info
2024-04-26 11:49:17.323 [warning] Using default string since no string found in i18n bundle that has the key: Learn more
2024-04-26 11:49:17.323 [warning] Using default string since no string found in i18n bundle that has the key: and
2024-04-26 11:49:17.323 [warning] Using default string since no string found in i18n bundle that has the key: Report this issue
2024-04-26 11:49:17.323 [warning] Using default string since no string found in i18n bundle that has the key: Recommended
2024-04-26 11:49:17.323 [warning] Using default string since no string found in i18n bundle that has the key: Clear all
2024-04-26 11:49:17.323 [warning] Using default string since no string found in i18n bundle that has the key: Always Ignore
2024-04-26 11:49:17.323 [warning] Using default string since no string found in i18n bundle that has the key: Ignore
2024-04-26 11:49:17.323 [warning] Using default string since no string found in i18n bundle that has the key: Select Python Interpreter
2024-04-26 11:49:17.323 [warning] Using default string since no string found in i18n bundle that has the key: Open launch.json
2024-04-26 11:49:17.323 [warning] Using default string since no string found in i18n bundle that has the key: Use Command Prompt
2024-04-26 11:49:17.323 [warning] Using default string since no string found in i18n bundle that has the key: Download
2024-04-26 11:49:17.323 [warning] Using default string since no string found in i18n bundle that has the key: Show logs
2024-04-26 11:49:17.323 [warning] Using default string since no string found in i18n bundle that has the key: Open Folder...
2024-04-26 11:49:17.323 [warning] Using default string since no string found in i18n bundle that has the key: Remind me later
2024-04-26 11:49:17.323 [warning] Using default string since no string found in i18n bundle that has the key: Yes, take survey now
2024-04-26 11:49:17.323 [warning] Using default string since no string found in i18n bundle that has the key: No, thanks
2024-04-26 11:49:17.323 [warning] Using default string since no string found in i18n bundle that has the key: Attach to process
2024-04-26 11:49:17.323 [warning] Using default string since no string found in i18n bundle that has the key: Select the process to attach to
2024-04-26 11:49:17.323 [warning] Using default string since no string found in i18n bundle that has the key: No process selected
2024-04-26 11:49:17.323 [warning] Using default string since no string found in i18n bundle that has the key: Refresh process list
2024-04-26 11:49:17.323 [warning] Using default string since no string found in i18n bundle that has the key: Remind me later
2024-04-26 11:49:17.323 [warning] Using default string since no string found in i18n bundle that has the key: Pylance extension is not installed.
2024-04-26 11:49:17.323 [warning] Using default string since no string found in i18n bundle that has the key: Pylance extension is now installed. Reload window to activate?
2024-04-26 11:49:17.323 [warning] Using default string since no string found in i18n bundle that has the key: The Pylance extension is not installed but the python.languageServer value is set to "Pylance". Would you like to install the Pylance extension to use Pylance, or revert back to Jedi?
2024-04-26 11:49:17.323 [warning] Using default string since no string found in i18n bundle that has the key: Install Pylance
2024-04-26 11:49:17.323 [warning] Using default string since no string found in i18n bundle that has the key: Revert to Jedi
2024-04-26 11:49:17.323 [warning] Using default string since no string found in i18n bundle that has the key: Enter remote URL
2024-04-26 11:49:17.323 [warning] Using default string since no string found in i18n bundle that has the key: Enter a URL pointing to a remote directory containing your TensorBoard log files
2024-04-26 11:49:17.323 [warning] Using default string since no string found in i18n bundle that has the key: TensorBoard will search for tfevent files in all subdirectories of the current working directory
2024-04-26 11:49:17.323 [warning] Using default string since no string found in i18n bundle that has the key: Use current working directory
2024-04-26 11:49:17.324 [warning] Using default string since no string found in i18n bundle that has the key: Select a log directory to start TensorBoard with
2024-04-26 11:49:17.324 [warning] Using default string since no string found in i18n bundle that has the key: Starting TensorBoard session...
2024-04-26 11:49:17.324 [warning] Using default string since no string found in i18n bundle that has the key: VS Code now has integrated TensorBoard support. Would you like to launch TensorBoard?  (Tip: Launch TensorBoard anytime by opening the command palette and searching for "Launch TensorBoard".)
2024-04-26 11:49:17.324 [warning] Using default string since no string found in i18n bundle that has the key: Select a folder
2024-04-26 11:49:17.324 [warning] Using default string since no string found in i18n bundle that has the key: Select a log directory containing tfevent files
2024-04-26 11:49:17.324 [warning] Using default string since no string found in i18n bundle that has the key: Select another folder
2024-04-26 11:49:17.324 [warning] Using default string since no string found in i18n bundle that has the key: Use the file explorer to select another folder
2024-04-26 11:49:17.324 [warning] Using default string since no string found in i18n bundle that has the key: The package TensorBoard is required to launch a TensorBoard session. Would you like to install it?
2024-04-26 11:49:17.324 [warning] Using default string since no string found in i18n bundle that has the key: TensorBoard >= 2.4.1 and the PyTorch Profiler TensorBoard plugin >= 0.2.0 are required. Would you like to install these packages?
2024-04-26 11:49:17.324 [warning] Using default string since no string found in i18n bundle that has the key: We recommend installing version >= 0.2.0 of the PyTorch Profiler TensorBoard plugin. Would you like to install the package?
2024-04-26 11:49:17.324 [warning] Using default string since no string found in i18n bundle that has the key: Integrated TensorBoard support is only available for TensorBoard >= 2.4.1. Would you like to upgrade your copy of TensorBoard?
2024-04-26 11:49:17.324 [warning] Using default string since no string found in i18n bundle that has the key: ▶ Launch TensorBoard Session
2024-04-26 11:49:17.324 [warning] Using default string since no string found in i18n bundle that has the key: Launch TensorBoard session
2024-04-26 11:49:17.324 [warning] Using default string since no string found in i18n bundle that has the key: We could not locate the requested source file on disk. Please manually specify the file.
2024-04-26 11:49:17.324 [warning] Using default string since no string found in i18n bundle that has the key: Choose File
2024-04-26 11:49:17.324 [warning] Using default string since no string found in i18n bundle that has the key: The source file's contents may not match the original contents in the trace.
2024-04-26 11:49:17.324 [warning] Using default string since no string found in i18n bundle that has the key: Limited IntelliSense supported by Jedi and Pylance
2024-04-26 11:49:17.324 [warning] Using default string since no string found in i18n bundle that has the key: Python IntelliSense Status
2024-04-26 11:49:17.324 [warning] Using default string since no string found in i18n bundle that has the key: Partial Mode
2024-04-26 11:49:17.324 [warning] Using default string since no string found in i18n bundle that has the key: Limited IntelliSense provided by Pylance
2024-04-26 11:49:17.324 [warning] Using default string since no string found in i18n bundle that has the key: Starting Pylance language server.
2024-04-26 11:49:17.324 [warning] Using default string since no string found in i18n bundle that has the key: Editor support is inactive since language server is set to None.
2024-04-26 11:49:17.324 [warning] Using default string since no string found in i18n bundle that has the key: Only Pylance is supported in untrusted workspaces, setting language server to None.
2024-04-26 11:49:17.324 [warning] Using default string since no string found in i18n bundle that has the key: Please reload the window switching between language servers.
2024-04-26 11:49:17.324 [warning] Using default string since no string found in i18n bundle that has the key: We encountered an issue starting the language server. Reverting to Jedi language engine. Check the Python output panel for details.
2024-04-26 11:49:17.324 [warning] Using default string since no string found in i18n bundle that has the key: We encountered an issue downloading the language server. Reverting to Jedi language engine. Check the Python output panel for details.
2024-04-26 11:49:17.324 [warning] Using default string since no string found in i18n bundle that has the key: We encountered an issue extracting the language server. Reverting to Jedi language engine. Check the Python output panel for details.
2024-04-26 11:49:17.324 [warning] Using default string since no string found in i18n bundle that has the key: Language server download failed.
2024-04-26 11:49:17.324 [warning] Using default string since no string found in i18n bundle that has the key: Language server extraction failed.
2024-04-26 11:49:17.324 [warning] Using default string since no string found in i18n bundle that has the key: Language server download complete.
2024-04-26 11:49:17.324 [warning] Using default string since no string found in i18n bundle that has the key: done.
2024-04-26 11:49:17.324 [warning] Using default string since no string found in i18n bundle that has the key: Search paths have changed for this Python interpreter. Please reload the extension to ensure that the IntelliSense works correctly.
2024-04-26 11:49:17.324 [warning] Using default string since no string found in i18n bundle that has the key: Running in Interactive window requires Jupyter Extension. Would you like to install it? [Learn more](https://aka.ms/pythonJupyterSupport).
2024-04-26 11:49:17.324 [warning] Using default string since no string found in i18n bundle that has the key: Installing Python into Environment...
2024-04-26 11:49:17.324 [warning] Using default string since no string found in i18n bundle that has the key: Discovering Python Interpreters
2024-04-26 11:49:17.324 [warning] Using default string since no string found in i18n bundle that has the key: Refreshing Python Interpreters
2024-04-26 11:49:17.324 [warning] Using default string since no string found in i18n bundle that has the key: We noticed you're using a conda environment. If you are experiencing issues with this environment in the integrated terminal, we recommend that you let the Python extension change "terminal.integrated.inheritEnv" to false in your user settings. [Learn more](https://aka.ms/AA66i8f).
2024-04-26 11:49:17.324 [warning] Using default string since no string found in i18n bundle that has the key: Reactivating terminals...
2024-04-26 11:49:17.324 [warning] Using default string since no string found in i18n bundle that has the key: Activated environment for
2024-04-26 11:49:17.324 [warning] Using default string since no string found in i18n bundle that has the key: We noticed VS Code was launched from an activated conda environment, would you like to select it?
2024-04-26 11:49:17.324 [warning] Using default string since no string found in i18n bundle that has the key: We noticed a new environment has been created. Do you want to select it for the workspace folder?
2024-04-26 11:49:17.324 [warning] Using default string since no string found in i18n bundle that has the key: Select at workspace level
2024-04-26 11:49:17.324 [warning] Using default string since no string found in i18n bundle that has the key: Clear at workspace level
2024-04-26 11:49:17.324 [warning] Using default string since no string found in i18n bundle that has the key: Tip: you can change the Python interpreter used by the Python extension by clicking on the Python version in the status bar
2024-04-26 11:49:17.324 [warning] Using default string since no string found in i18n bundle that has the key: 💡 Please try installing the Python package using your package manager. Alternatively you can also download it from https://www.python.org/downloads
2024-04-26 11:49:17.324 [warning] Using default string since no string found in i18n bundle that has the key: 💡 Brew does not seem to be available. Please try to download Python from https://www.python.org/downloads. Alternatively, you can install the Python package using some other available package manager.
2024-04-26 11:49:17.324 [warning] Using default string since no string found in i18n bundle that has the key: Change Python Interpreter
2024-04-26 11:49:17.324 [warning] Using default string since no string found in i18n bundle that has the key: Selected Python Interpreter
2024-04-26 11:49:17.324 [warning] Using default string since no string found in i18n bundle that has the key: Python is not available in this environment, it will automatically be installed upon selecting it
2024-04-26 11:49:17.324 [warning] Using default string since no string found in i18n bundle that has the key: Python is not installed, please download and install it
2024-04-26 11:49:17.324 [warning] Using default string since no string found in i18n bundle that has the key: Click for instructions...
2024-04-26 11:49:17.324 [warning] Using default string since no string found in i18n bundle that has the key: Global
2024-04-26 11:49:17.324 [warning] Using default string since no string found in i18n bundle that has the key: Workspace
2024-04-26 11:49:17.324 [warning] Using default string since no string found in i18n bundle that has the key: Enter interpreter path...
2024-04-26 11:49:17.324 [warning] Using default string since no string found in i18n bundle that has the key: Enter path to a Python interpreter.
2024-04-26 11:49:17.325 [warning] Using default string since no string found in i18n bundle that has the key: Use Python from `python.defaultInterpreterPath` setting
2024-04-26 11:49:17.325 [warning] Using default string since no string found in i18n bundle that has the key: Find...
2024-04-26 11:49:17.325 [warning] Using default string since no string found in i18n bundle that has the key: Browse your file system to find a Python interpreter.
2024-04-26 11:49:17.325 [warning] Using default string since no string found in i18n bundle that has the key: Select Interpreter
2024-04-26 11:49:17.325 [warning] Using default string since no string found in i18n bundle that has the key: Select Python interpreter
2024-04-26 11:49:17.325 [warning] Using default string since no string found in i18n bundle that has the key: Refresh Interpreter list
2024-04-26 11:49:17.325 [warning] Using default string since no string found in i18n bundle that has the key: Refreshing Interpreter list...
2024-04-26 11:49:17.325 [warning] Using default string since no string found in i18n bundle that has the key: Python Language Server
2024-04-26 11:49:17.325 [warning] Using default string since no string found in i18n bundle that has the key: Python
2024-04-26 11:49:17.325 [warning] Using default string since no string found in i18n bundle that has the key: Python Test Log
2024-04-26 11:49:17.325 [warning] Using default string since no string found in i18n bundle that has the key: Select Linter
2024-04-26 11:49:17.325 [warning] Using default string since no string found in i18n bundle that has the key: There is no Conda or Pip installer available in the selected environment.
2024-04-26 11:49:17.325 [warning] Using default string since no string found in i18n bundle that has the key: There is no Pip installer available in the selected environment.
2024-04-26 11:49:17.325 [warning] Using default string since no string found in i18n bundle that has the key: Search for help
2024-04-26 11:49:17.325 [warning] Using default string since no string found in i18n bundle that has the key: Can you please take 2 minutes to tell us how the Python extension is working for you?
2024-04-26 11:49:17.325 [warning] Using default string since no string found in i18n bundle that has the key: Yes, take survey now
2024-04-26 11:49:17.325 [warning] Using default string since no string found in i18n bundle that has the key: No, thanks
2024-04-26 11:49:17.325 [warning] Using default string since no string found in i18n bundle that has the key: Maybe later
2024-04-26 11:49:17.325 [warning] Using default string since no string found in i18n bundle that has the key: Select a debug configuration
2024-04-26 11:49:17.325 [warning] Using default string since no string found in i18n bundle that has the key: Debug Configuration
2024-04-26 11:49:17.325 [warning] Using default string since no string found in i18n bundle that has the key: Python
2024-04-26 11:49:17.325 [warning] Using default string since no string found in i18n bundle that has the key: Select a Python debug configuration
2024-04-26 11:49:17.325 [warning] Using default string since no string found in i18n bundle that has the key: Python: Current File
2024-04-26 11:49:17.325 [warning] Using default string since no string found in i18n bundle that has the key: Python File
2024-04-26 11:49:17.325 [warning] Using default string since no string found in i18n bundle that has the key: Debug the currently active Python file
2024-04-26 11:49:17.325 [warning] Using default string since no string found in i18n bundle that has the key: Python: Module
2024-04-26 11:49:17.325 [warning] Using default string since no string found in i18n bundle that has the key: enter-your-module-name
2024-04-26 11:49:17.325 [warning] Using default string since no string found in i18n bundle that has the key: Module
2024-04-26 11:49:17.325 [warning] Using default string since no string found in i18n bundle that has the key: Debug a Python module by invoking it with '-m'
2024-04-26 11:49:17.325 [warning] Using default string since no string found in i18n bundle that has the key: Debug Module
2024-04-26 11:49:17.325 [warning] Using default string since no string found in i18n bundle that has the key: Enter a Python module/package name
2024-04-26 11:49:17.325 [warning] Using default string since no string found in i18n bundle that has the key: enter-your-module-name
2024-04-26 11:49:17.325 [warning] Using default string since no string found in i18n bundle that has the key: Enter a valid module name
2024-04-26 11:49:17.325 [warning] Using default string since no string found in i18n bundle that has the key: Python: Remote Attach
2024-04-26 11:49:17.325 [warning] Using default string since no string found in i18n bundle that has the key: Remote Attach
2024-04-26 11:49:17.325 [warning] Using default string since no string found in i18n bundle that has the key: Attach to a remote debug server
2024-04-26 11:49:17.325 [warning] Using default string since no string found in i18n bundle that has the key: Remote Debugging
2024-04-26 11:49:17.325 [warning] Using default string since no string found in i18n bundle that has the key: Enter a valid host name or IP address
2024-04-26 11:49:17.325 [warning] Using default string since no string found in i18n bundle that has the key: Enter a valid host name or IP address
2024-04-26 11:49:17.325 [warning] Using default string since no string found in i18n bundle that has the key: Remote Debugging
2024-04-26 11:49:17.326 [warning] Using default string since no string found in i18n bundle that has the key: Enter the port number that the debug server is listening on
2024-04-26 11:49:17.326 [warning] Using default string since no string found in i18n bundle that has the key: Enter a valid port number
2024-04-26 11:49:17.326 [warning] Using default string since no string found in i18n bundle that has the key: Python: Attach using Process Id
2024-04-26 11:49:17.326 [warning] Using default string since no string found in i18n bundle that has the key: Attach using Process ID
2024-04-26 11:49:17.326 [warning] Using default string since no string found in i18n bundle that has the key: Attach to a local process
2024-04-26 11:49:17.326 [warning] Using default string since no string found in i18n bundle that has the key: Python: Django
2024-04-26 11:49:17.326 [warning] Using default string since no string found in i18n bundle that has the key: Django
2024-04-26 11:49:17.326 [warning] Using default string since no string found in i18n bundle that has the key: Launch and debug a Django web application
2024-04-26 11:49:17.326 [warning] Using default string since no string found in i18n bundle that has the key: Debug Django
2024-04-26 11:49:17.326 [warning] Using default string since no string found in i18n bundle that has the key: Enter the path to manage.py ('${workspaceFolder}' points to the root of the current workspace folder)
2024-04-26 11:49:17.326 [warning] Using default string since no string found in i18n bundle that has the key: Enter a valid Python file path
2024-04-26 11:49:17.326 [warning] Using default string since no string found in i18n bundle that has the key: Python: FastAPI
2024-04-26 11:49:17.326 [warning] Using default string since no string found in i18n bundle that has the key: FastAPI
2024-04-26 11:49:17.326 [warning] Using default string since no string found in i18n bundle that has the key: Launch and debug a FastAPI web application
2024-04-26 11:49:17.326 [warning] Using default string since no string found in i18n bundle that has the key: Debug FastAPI
2024-04-26 11:49:17.326 [warning] Using default string since no string found in i18n bundle that has the key: Enter the path to the application, e.g. 'main.py' or 'main'
2024-04-26 11:49:17.326 [warning] Using default string since no string found in i18n bundle that has the key: Enter a valid name
2024-04-26 11:49:17.326 [warning] Using default string since no string found in i18n bundle that has the key: Python: Flask
2024-04-26 11:49:17.326 [warning] Using default string since no string found in i18n bundle that has the key: Flask
2024-04-26 11:49:17.326 [warning] Using default string since no string found in i18n bundle that has the key: Launch and debug a Flask web application
2024-04-26 11:49:17.326 [warning] Using default string since no string found in i18n bundle that has the key: Debug Flask
2024-04-26 11:49:17.326 [warning] Using default string since no string found in i18n bundle that has the key: Python: Flask
2024-04-26 11:49:17.326 [warning] Using default string since no string found in i18n bundle that has the key: Enter a valid name
2024-04-26 11:49:17.326 [warning] Using default string since no string found in i18n bundle that has the key: Python: Pyramid Application
2024-04-26 11:49:17.326 [warning] Using default string since no string found in i18n bundle that has the key: Pyramid
2024-04-26 11:49:17.326 [warning] Using default string since no string found in i18n bundle that has the key: Launch and debug a Pyramid web application
2024-04-26 11:49:17.326 [warning] Using default string since no string found in i18n bundle that has the key: Debug Pyramid
2024-04-26 11:49:17.326 [warning] Using default string since no string found in i18n bundle that has the key: Enter a valid file path
2024-04-26 11:49:17.326 [warning] Using default string since no string found in i18n bundle that has the key: Configure Test Framework
2024-04-26 11:49:17.326 [warning] Using default string since no string found in i18n bundle that has the key: No test framework configured.
2024-04-26 11:49:17.326 [warning] Using default string since no string found in i18n bundle that has the key: Canceled unittest test discovery
2024-04-26 11:49:17.326 [warning] Using default string since no string found in i18n bundle that has the key: Unittest test discovery error
2024-04-26 11:49:17.326 [warning] Using default string since no string found in i18n bundle that has the key: Canceled pytest test discovery
2024-04-26 11:49:17.326 [warning] Using default string since no string found in i18n bundle that has the key: pytest test discovery error
2024-04-26 11:49:17.326 [warning] Using default string since no string found in i18n bundle that has the key: (see Output > Python)
2024-04-26 11:49:17.326 [warning] Using default string since no string found in i18n bundle that has the key: Canceled unittest test execution
2024-04-26 11:49:17.326 [warning] Using default string since no string found in i18n bundle that has the key: Unittest test execution error
2024-04-26 11:49:17.326 [warning] Using default string since no string found in i18n bundle that has the key: Canceled pytest test execution
2024-04-26 11:49:17.326 [warning] Using default string since no string found in i18n bundle that has the key: Pytest test execution error
2024-04-26 11:49:17.327 [warning] Using default string since no string found in i18n bundle that has the key: We noticed you are attaching to ptvsd (Python debugger), which was deprecated on May 1st, 2020. Please switch to [debugpy](https://aka.ms/migrateToDebugpy).
2024-04-26 11:49:17.327 [warning] Using default string since no string found in i18n bundle that has the key: IntelliSense with Jedi for Python 2.7 is no longer supported. [Learn more](https://aka.ms/python-27-support).
2024-04-26 11:49:17.327 [warning] Using default string since no string found in i18n bundle that has the key: The Microsoft Python Language Server has reached end of life. Your language server has been set to the default for Python in VS Code, Pylance.

If you'd like to change your language server, you can learn about how to do so [here](https://devblogs.microsoft.com/python/python-in-visual-studio-code-may-2021-release/#configuring-your-language-server).

Read Pylance's license [here](https://marketplace.visualstudio.com/items/ms-python.vscode-pylance/license).
2024-04-26 11:49:17.327 [warning] Using default string since no string found in i18n bundle that has the key: We have selected the following environment:
2024-04-26 11:49:17.327 [warning] Using default string since no string found in i18n bundle that has the key: Creating environment
2024-04-26 11:49:17.327 [warning] Using default string since no string found in i18n bundle that has the key: Starting...
2024-04-26 11:49:17.327 [warning] Using default string since no string found in i18n bundle that has the key: Workspace folder contains a virtual environment
2024-04-26 11:49:17.327 [warning] Using default string since no string found in i18n bundle that has the key: Please open a folder when creating an environment using venv.
2024-04-26 11:49:17.327 [warning] Using default string since no string found in i18n bundle that has the key: Select a workspace to create environment
2024-04-26 11:49:17.327 [warning] Using default string since no string found in i18n bundle that has the key: Select an environment type
2024-04-26 11:49:17.327 [warning] Using default string since no string found in i18n bundle that has the key: Creating venv...
2024-04-26 11:49:17.327 [warning] Using default string since no string found in i18n bundle that has the key: Creating microvenv...
2024-04-26 11:49:17.327 [warning] Using default string since no string found in i18n bundle that has the key: Environment created...
2024-04-26 11:49:17.327 [warning] Using default string since no string found in i18n bundle that has the key: Using existing environment...
2024-04-26 11:49:17.327 [warning] Using default string since no string found in i18n bundle that has the key: Downloading pip...
2024-04-26 11:49:17.327 [warning] Using default string since no string found in i18n bundle that has the key: Installing pip...
2024-04-26 11:49:17.327 [warning] Using default string since no string found in i18n bundle that has the key: Upgrading pip...
2024-04-26 11:49:17.327 [warning] Using default string since no string found in i18n bundle that has the key: Installing packages...
2024-04-26 11:49:17.327 [warning] Using default string since no string found in i18n bundle that has the key: Error while creating virtual environment.
2024-04-26 11:49:17.327 [warning] Using default string since no string found in i18n bundle that has the key: Select a Python installation to create the virtual environment
2024-04-26 11:49:17.327 [warning] Using default string since no string found in i18n bundle that has the key: Creates a `.venv` virtual environment in the current workspace
2024-04-26 11:49:17.327 [warning] Using default string since no string found in i18n bundle that has the key: Creating virtual environment failed with error.
2024-04-26 11:49:17.327 [warning] Using default string since no string found in i18n bundle that has the key: Select optional dependencies to install from pyproject.toml
2024-04-26 11:49:17.327 [warning] Using default string since no string found in i18n bundle that has the key: Select dependencies to install
2024-04-26 11:49:17.327 [warning] Using default string since no string found in i18n bundle that has the key: Please install `conda` to create conda environments.
2024-04-26 11:49:17.327 [warning] Using default string since no string found in i18n bundle that has the key: Environment created...
2024-04-26 11:49:17.327 [warning] Using default string since no string found in i18n bundle that has the key: Installing packages...
2024-04-26 11:49:17.327 [warning] Using default string since no string found in i18n bundle that has the key: Error while creating conda environment.
2024-04-26 11:49:17.327 [warning] Using default string since no string found in i18n bundle that has the key: Please select the version of Python to install in the environment
2024-04-26 11:49:17.327 [warning] Using default string since no string found in i18n bundle that has the key: Creating conda environment...
2024-04-26 11:49:17.327 [warning] Using default string since no string found in i18n bundle that has the key: Creates a `.conda` Conda environment in the current workspace
2024-04-26 11:49:17.327 [warning] Using default string since no string found in i18n bundle that has the key: Use the Flake8 extension to enable easier configuration and new features such as quick fixes.
2024-04-26 11:49:17.327 [warning] Using default string since no string found in i18n bundle that has the key: Use the Pylint extension to enable easier configuration and new features such as quick fixes.
2024-04-26 11:49:17.327 [warning] Using default string since no string found in i18n bundle that has the key: To use sort imports, please install the isort extension. It provides easier configuration and new features such as code actions.
2024-04-26 11:49:17.327 [warning] Using default string since no string found in i18n bundle that has the key: Install Pylint extension
2024-04-26 11:49:17.327 [warning] Using default string since no string found in i18n bundle that has the key: Install Flake8 extension
2024-04-26 11:49:17.327 [warning] Using default string since no string found in i18n bundle that has the key: Install isort extension
2024-04-26 11:49:17.327 [warning] Using default string since no string found in i18n bundle that has the key: You have the Black formatter extension installed, would you like to use that as the default formatter?
2024-04-26 11:49:17.327 [warning] Using default string since no string found in i18n bundle that has the key: You have the Autopep8 formatter extension installed, would you like to use that as the default formatter?
2024-04-26 11:49:17.327 [warning] Using default string since no string found in i18n bundle that has the key: You have multiple formatters installed, would you like to select one as the default formatter?
2024-04-26 11:49:17.327 [warning] Using default string since no string found in i18n bundle that has the key: You triggered formatting with Black, would you like to install one of our new formatter extensions? This will also set it as the default formatter for Python.
2024-04-26 11:49:17.327 [warning] Using default string since no string found in i18n bundle that has the key: You triggered formatting with Autopep8, would you like to install one of our new formatter extension? This will also set it as the default formatter for Python.
2024-04-26 11:49:17.332 [warning] Using default string since no string found in i18n bundle that has the key: Python IntelliSense Status
2024-04-26 11:49:17.332 [warning] Using default string since no string found in i18n bundle that has the key: Partial Mode
2024-04-26 11:49:17.332 [warning] Using default string since no string found in i18n bundle that has the key: Limited IntelliSense provided by Pylance
2024-04-26 11:49:17.332 [warning] Using default string since no string found in i18n bundle that has the key: Learn more
2024-04-26 11:49:17.360 [warning] Using default string since no string found in i18n bundle that has the key: The selected macOS system install of Python is not recommended, some functionality in the extension will be limited. [Install another version of Python](https://www.python.org/downloads) or select a different interpreter for the best experience. [Learn more](https://aka.ms/AA7jfor).
2024-04-26 11:49:17.361 [warning] Using default string since no string found in i18n bundle that has the key: Activation of the selected Python environment is not supported in PowerShell. Consider changing your shell to Command Prompt.
2024-04-26 11:49:17.361 [warning] Using default string since no string found in i18n bundle that has the key: No Python interpreter is selected. Please select a Python interpreter to enable features such as IntelliSense, linting, and debugging.
2024-04-26 11:49:17.361 [warning] Using default string since no string found in i18n bundle that has the key: An Invalid Python interpreter is selected{0}, please try changing it to enable features such as IntelliSense, linting, and debugging. See output for more details regarding why the interpreter is invalid.
2024-04-26 11:49:17.361 [warning] Using default string since no string found in i18n bundle that has the key: We detected an issue with one of your environment variables that breaks features such as IntelliSense, linting and debugging. Try setting the "ComSpec" variable to a valid Command Prompt path in your system to fix it.
2024-04-26 11:49:17.361 [warning] Using default string since no string found in i18n bundle that has the key: We detected an issue with "Path" environment variable that breaks features such as IntelliSense, linting and debugging. Please edit it to make sure it contains the "System32" subdirectories.
2024-04-26 11:49:17.361 [warning] Using default string since no string found in i18n bundle that has the key: We detected an issue with your default shell that breaks features such as IntelliSense, linting and debugging. Try resetting "ComSpec" and "Path" environment variables to fix it.
2024-04-26 11:49:18.224 [warning] Using default string since no string found in i18n bundle that has the key: Python interpreter path: {0}
2024-04-26 11:49:20.891 [warning] Using default string since no string found in i18n bundle that has the key: Starting Jedi language server for {0}.
