2024-06-13 17:32:28.057 [info] Log level: Info
2024-06-13 17:32:28.057 [info] Validating found git in: "git"
2024-06-13 17:32:28.057 [info] Using git "2.34.1" from "git"
2024-06-13 17:32:28.057 [info] > git rev-parse --show-toplevel [145ms]
2024-06-13 17:32:28.057 [info] fatal: not a git repository (or any parent up to mount point /)
Stopping at filesystem boundary (GIT_DISCOVERY_ACROSS_FILESYSTEM not set).
2024-06-13 17:32:28.057 [info] > git rev-parse --show-toplevel [43ms]
2024-06-13 17:32:28.057 [info] fatal: not a git repository (or any parent up to mount point /)
Stopping at filesystem boundary (GIT_DISCOVERY_ACROSS_FILESYSTEM not set).
2024-06-13 17:32:28.079 [info] > git rev-parse --show-toplevel [23ms]
2024-06-13 17:32:28.079 [info] fatal: not a git repository (or any parent up to mount point /)
Stopping at filesystem boundary (GIT_DISCOVERY_ACROSS_FILESYSTEM not set).
2024-06-13 17:32:28.187 [info] > git rev-parse --show-toplevel [34ms]
2024-06-13 17:32:28.188 [info] fatal: not a git repository (or any parent up to mount point /)
Stopping at filesystem boundary (GIT_DISCOVERY_ACROSS_FILESYSTEM not set).
2024-06-13 17:32:28.271 [info] > git rev-parse --show-toplevel [27ms]
2024-06-13 17:32:28.271 [info] fatal: not a git repository (or any parent up to mount point /)
Stopping at filesystem boundary (GIT_DISCOVERY_ACROSS_FILESYSTEM not set).
2024-06-13 17:32:28.352 [info] > git rev-parse --show-toplevel [24ms]
2024-06-13 17:32:28.353 [info] fatal: not a git repository (or any parent up to mount point /)
Stopping at filesystem boundary (GIT_DISCOVERY_ACROSS_FILESYSTEM not set).
2024-06-13 17:32:28.432 [info] > git rev-parse --show-toplevel [22ms]
2024-06-13 17:32:28.432 [info] fatal: not a git repository (or any parent up to mount point /)
Stopping at filesystem boundary (GIT_DISCOVERY_ACROSS_FILESYSTEM not set).
2024-06-13 17:32:28.517 [info] > git rev-parse --show-toplevel [36ms]
2024-06-13 17:32:28.517 [info] fatal: not a git repository (or any parent up to mount point /)
Stopping at filesystem boundary (GIT_DISCOVERY_ACROSS_FILESYSTEM not set).
2024-06-13 17:32:32.731 [info] > git rev-parse --show-toplevel [99ms]
2024-06-13 17:32:32.731 [info] fatal: not a git repository (or any parent up to mount point /)
Stopping at filesystem boundary (GIT_DISCOVERY_ACROSS_FILESYSTEM not set).
2024-06-13 17:35:54.161 [info] > git rev-parse --show-toplevel [7ms]
2024-06-13 17:35:54.161 [info] fatal: not a git repository (or any parent up to mount point /)
Stopping at filesystem boundary (GIT_DISCOVERY_ACROSS_FILESYSTEM not set).
2024-06-13 17:52:59.038 [info] > git init -b main [27ms]
2024-06-13 17:52:59.061 [info] > git rev-parse --show-toplevel [2ms]
2024-06-13 17:52:59.084 [info] > git rev-parse --git-dir --git-common-dir [2ms]
2024-06-13 17:52:59.100 [info] Open repository: /home/danielzcomputacao
2024-06-13 17:52:59.202 [info] No remotes found in the git config file.
2024-06-13 17:52:59.206 [info] > git config --get commit.template [49ms]
2024-06-13 17:52:59.213 [info] > git for-each-ref --format=%(refname)%00%(upstream:short)%00%(objectname)%00%(upstream:track)%00%(upstream:remotename)%00%(upstream:remoteref) refs/heads/main refs/remotes/main [13ms]
2024-06-13 17:52:59.213 [warning] No such branch: main.
2024-06-13 17:52:59.497 [info] > git status -z -uall [251ms]
2024-06-13 17:53:01.655 [info] > git check-ignore -v -z --stdin [17ms]
2024-06-13 17:53:01.658 [info] > git config --get commit.template [90ms]
2024-06-13 17:53:01.691 [info] No remotes found in the git config file.
2024-06-13 17:53:01.694 [info] > git for-each-ref --format=%(refname)%00%(upstream:short)%00%(objectname)%00%(upstream:track)%00%(upstream:remotename)%00%(upstream:remoteref) refs/heads/main refs/remotes/main [4ms]
2024-06-13 17:53:01.694 [warning] No such branch: main.
2024-06-13 17:53:01.843 [info] > git status -z -uall [123ms]
2024-06-13 17:53:04.743 [info] > git show --textconv :README-cloudshell.txt [42ms]
2024-06-13 17:53:04.743 [info] > git ls-files --stage -- /home/danielzcomputacao/README-cloudshell.txt [8ms]
2024-06-13 17:53:05.270 [info] > git check-ignore -v -z --stdin [2ms]
2024-06-13 17:53:08.562 [info] > git add -A -- . [9439ms]
2024-06-13 17:53:09.237 [info] > git -c user.useConfigOnly=true commit --quiet --allow-empty-message --file - --allow-empty-message [649ms]
2024-06-13 17:53:09.237 [info] Author identity unknown

*** Please tell me who you are.

Run

  git config --global user.email "you@example.com"
  git config --global user.name "Your Name"

to set your account's default identity.
Omit --global to set the identity only in this repository.

fatal: no email was given and auto-detection is disabled
2024-06-13 17:53:09.264 [info] > git config --get-all user.name [2ms]
2024-06-13 17:53:09.312 [info] No remotes found in the git config file.
2024-06-13 17:53:09.313 [info] > git config --get commit.template [25ms]
2024-06-13 17:53:09.314 [info] > git for-each-ref --format=%(refname)%00%(upstream:short)%00%(objectname)%00%(upstream:track)%00%(upstream:remotename)%00%(upstream:remoteref) refs/heads/main refs/remotes/main [2ms]
2024-06-13 17:53:09.314 [warning] No such branch: main.
2024-06-13 17:53:09.428 [info] > git status -z -uall [92ms]
2024-06-13 17:53:13.830 [info] > git ls-files --stage -- /home/danielzcomputacao/README-cloudshell.txt [6ms]
2024-06-13 17:53:13.858 [info] > git cat-file -s 9fa5a74e750d98eb725eca4ca09ba01af2f5cd24 [2ms]
2024-06-13 17:53:13.921 [info] > git config --get commit.template [5ms]
2024-06-13 17:53:13.948 [info] No remotes found in the git config file.
2024-06-13 17:53:13.949 [info] > git for-each-ref --format=%(refname)%00%(upstream:short)%00%(objectname)%00%(upstream:track)%00%(upstream:remotename)%00%(upstream:remoteref) refs/heads/main refs/remotes/main [2ms]
2024-06-13 17:53:13.950 [warning] No such branch: main.
2024-06-13 17:53:14.051 [info] > git show --textconv :README-cloudshell.txt [10ms]
2024-06-13 17:53:14.097 [info] > git status -z -uall [122ms]
2024-06-13 17:53:18.361 [info] > git check-ignore -v -z --stdin [7ms]
2024-06-13 17:53:19.264 [info] No remotes found in the git config file.
2024-06-13 17:53:19.266 [info] > git config --get commit.template [29ms]
2024-06-13 17:53:19.267 [info] > git for-each-ref --format=%(refname)%00%(upstream:short)%00%(objectname)%00%(upstream:track)%00%(upstream:remotename)%00%(upstream:remoteref) refs/heads/main refs/remotes/main [3ms]
2024-06-13 17:53:19.268 [warning] No such branch: main.
2024-06-13 17:53:19.387 [info] > git status -z -uall [93ms]
2024-06-13 17:53:53.052 [info] No remotes found in the git config file.
2024-06-13 17:53:53.053 [info] > git config --get commit.template [29ms]
2024-06-13 17:53:53.054 [info] > git for-each-ref --format=%(refname)%00%(upstream:short)%00%(objectname)%00%(upstream:track)%00%(upstream:remotename)%00%(upstream:remoteref) refs/heads/main refs/remotes/main [3ms]
2024-06-13 17:53:53.054 [warning] No such branch: main.
2024-06-13 17:53:53.192 [info] > git status -z -uall [111ms]
2024-06-13 17:53:58.382 [info] No remotes found in the git config file.
2024-06-13 17:53:58.384 [info] > git config --get commit.template [31ms]
2024-06-13 17:53:58.385 [info] > git for-each-ref --format=%(refname)%00%(upstream:short)%00%(objectname)%00%(upstream:track)%00%(upstream:remotename)%00%(upstream:remoteref) refs/heads/main refs/remotes/main [3ms]
2024-06-13 17:53:58.385 [warning] No such branch: main.
2024-06-13 17:53:58.514 [info] > git status -z -uall [97ms]
2024-06-13 17:54:00.977 [info] > git check-ignore -v -z --stdin [5ms]
2024-06-13 17:54:01.059 [info] > git show --textconv :.gitignore [43ms]
2024-06-13 17:54:01.062 [info] > git ls-files --stage -- /home/danielzcomputacao/.gitignore [7ms]
2024-06-13 17:54:03.662 [info] > git config --get commit.template [3ms]
2024-06-13 17:54:03.690 [info] No remotes found in the git config file.
2024-06-13 17:54:03.691 [info] > git for-each-ref --format=%(refname)%00%(upstream:short)%00%(objectname)%00%(upstream:track)%00%(upstream:remotename)%00%(upstream:remoteref) refs/heads/main refs/remotes/main [2ms]
2024-06-13 17:54:03.692 [warning] No such branch: main.
2024-06-13 17:54:03.754 [info] > git status -z -uall [37ms]
2024-06-13 17:54:05.282 [info] > git check-ignore -v -z --stdin [11ms]
2024-06-13 17:54:10.636 [info] > git check-ignore -v -z --stdin [9ms]
2024-06-13 17:54:13.005 [info] > git config --get commit.template [3ms]
2024-06-13 17:54:13.032 [info] No remotes found in the git config file.
2024-06-13 17:54:13.034 [info] > git for-each-ref --format=%(refname)%00%(upstream:short)%00%(objectname)%00%(upstream:track)%00%(upstream:remotename)%00%(upstream:remoteref) refs/heads/main refs/remotes/main [2ms]
2024-06-13 17:54:13.034 [warning] No such branch: main.
2024-06-13 17:54:13.101 [info] > git status -z -uall [40ms]
2024-06-13 17:54:18.056 [info] > git check-ignore -v -z --stdin [7ms]
2024-06-13 17:54:18.255 [info] No remotes found in the git config file.
2024-06-13 17:54:18.257 [info] > git config --get commit.template [29ms]
2024-06-13 17:54:18.257 [info] > git for-each-ref --format=%(refname)%00%(upstream:short)%00%(objectname)%00%(upstream:track)%00%(upstream:remotename)%00%(upstream:remoteref) refs/heads/main refs/remotes/main [2ms]
2024-06-13 17:54:18.257 [warning] No such branch: main.
2024-06-13 17:54:18.321 [info] > git status -z -uall [37ms]
2024-06-13 17:54:30.705 [info] No remotes found in the git config file.
2024-06-13 17:54:30.706 [info] > git config --get commit.template [30ms]
2024-06-13 17:54:30.707 [info] > git for-each-ref --format=%(refname)%00%(upstream:short)%00%(objectname)%00%(upstream:track)%00%(upstream:remotename)%00%(upstream:remoteref) refs/heads/main refs/remotes/main [3ms]
2024-06-13 17:54:30.707 [warning] No such branch: main.
2024-06-13 17:54:30.772 [info] > git status -z -uall [36ms]
2024-06-13 17:54:35.939 [info] No remotes found in the git config file.
2024-06-13 17:54:35.940 [info] > git config --get commit.template [31ms]
2024-06-13 17:54:35.941 [info] > git for-each-ref --format=%(refname)%00%(upstream:short)%00%(objectname)%00%(upstream:track)%00%(upstream:remotename)%00%(upstream:remoteref) refs/heads/main refs/remotes/main [3ms]
2024-06-13 17:54:35.941 [warning] No such branch: main.
2024-06-13 17:54:36.011 [info] > git status -z -uall [41ms]
2024-06-13 17:54:38.406 [info] > git check-ignore -v -z --stdin [7ms]
2024-06-13 17:54:41.169 [info] No remotes found in the git config file.
2024-06-13 17:54:41.201 [info] > git config --get commit.template [32ms]
2024-06-13 17:54:41.202 [info] > git for-each-ref --format=%(refname)%00%(upstream:short)%00%(objectname)%00%(upstream:track)%00%(upstream:remotename)%00%(upstream:remoteref) refs/heads/main refs/remotes/main [3ms]
2024-06-13 17:54:41.202 [warning] No such branch: main.
2024-06-13 17:54:41.268 [info] > git status -z -uall [37ms]
2024-06-13 17:54:42.268 [info] > git check-ignore -v -z --stdin [9ms]
2024-06-13 17:54:43.451 [info] > git check-ignore -v -z --stdin [5ms]
2024-06-13 17:54:46.413 [info] No remotes found in the git config file.
2024-06-13 17:54:46.414 [info] > git config --get commit.template [33ms]
2024-06-13 17:54:46.415 [info] > git for-each-ref --format=%(refname)%00%(upstream:short)%00%(objectname)%00%(upstream:track)%00%(upstream:remotename)%00%(upstream:remoteref) refs/heads/main refs/remotes/main [3ms]
2024-06-13 17:54:46.415 [warning] No such branch: main.
2024-06-13 17:54:46.483 [info] > git status -z -uall [38ms]
2024-06-13 17:54:51.043 [info] > git -c user.useConfigOnly=true commit --quiet --allow-empty-message --file - [33ms]
2024-06-13 17:54:51.043 [info] Author identity unknown

*** Please tell me who you are.

Run

  git config --global user.email "you@example.com"
  git config --global user.name "Your Name"

to set your account's default identity.
Omit --global to set the identity only in this repository.

fatal: no email was given and auto-detection is disabled
2024-06-13 17:54:51.077 [info] > git config --get-all user.name [1ms]
2024-06-13 17:54:51.144 [info] No remotes found in the git config file.
2024-06-13 17:54:51.145 [info] > git config --get commit.template [35ms]
2024-06-13 17:54:51.145 [info] > git for-each-ref --format=%(refname)%00%(upstream:short)%00%(objectname)%00%(upstream:track)%00%(upstream:remotename)%00%(upstream:remoteref) refs/heads/main refs/remotes/main [2ms]
2024-06-13 17:54:51.145 [warning] No such branch: main.
2024-06-13 17:54:51.214 [info] > git status -z -uall [38ms]
2024-06-13 17:54:52.260 [info] > git config --get commit.template [35ms]
2024-06-13 17:54:52.261 [info] No remotes found in the git config file.
2024-06-13 17:54:52.261 [info] > git for-each-ref --format=%(refname)%00%(upstream:short)%00%(objectname)%00%(upstream:track)%00%(upstream:remotename)%00%(upstream:remoteref) refs/heads/main refs/remotes/main [2ms]
2024-06-13 17:54:52.262 [warning] No such branch: main.
2024-06-13 17:54:52.333 [info] > git status -z -uall [38ms]
2024-06-13 17:54:53.500 [info] > git ls-files --stage -- /home/danielzcomputacao/.gitignore [6ms]
2024-06-13 17:54:53.683 [info] > git show --textconv :.gitignore [5ms]
2024-06-13 17:55:03.217 [info] No remotes found in the git config file.
2024-06-13 17:55:03.219 [info] > git for-each-ref --format=%(refname)%00%(upstream:short)%00%(objectname)%00%(upstream:track)%00%(upstream:remotename)%00%(upstream:remoteref) refs/heads/main refs/remotes/main [2ms]
2024-06-13 17:55:03.220 [warning] No such branch: main.
2024-06-13 17:55:03.220 [info] > git config --get commit.template [38ms]
2024-06-13 17:55:03.292 [info] > git status -z -uall [38ms]
2024-06-13 17:55:19.762 [info] > git config --get commit.template [2ms]
2024-06-13 17:55:19.800 [info] No remotes found in the git config file.
2024-06-13 17:55:19.802 [info] > git for-each-ref --format=%(refname)%00%(upstream:short)%00%(objectname)%00%(upstream:track)%00%(upstream:remotename)%00%(upstream:remoteref) refs/heads/main refs/remotes/main [3ms]
2024-06-13 17:55:19.802 [warning] No such branch: main.
2024-06-13 17:55:19.877 [info] > git status -z -uall [38ms]
2024-06-13 17:55:25.041 [info] No remotes found in the git config file.
2024-06-13 17:55:25.042 [info] > git config --get commit.template [38ms]
2024-06-13 17:55:25.042 [info] > git for-each-ref --format=%(refname)%00%(upstream:short)%00%(objectname)%00%(upstream:track)%00%(upstream:remotename)%00%(upstream:remoteref) refs/heads/main refs/remotes/main [2ms]
2024-06-13 17:55:25.043 [warning] No such branch: main.
2024-06-13 17:55:25.130 [info] > git status -z -uall [52ms]
2024-06-13 17:55:30.479 [info] No remotes found in the git config file.
2024-06-13 17:55:30.480 [info] > git config --get commit.template [40ms]
2024-06-13 17:55:30.481 [info] > git for-each-ref --format=%(refname)%00%(upstream:short)%00%(objectname)%00%(upstream:track)%00%(upstream:remotename)%00%(upstream:remoteref) refs/heads/main refs/remotes/main [3ms]
2024-06-13 17:55:30.481 [warning] No such branch: main.
2024-06-13 17:55:30.572 [info] > git status -z -uall [48ms]
2024-06-13 17:55:35.737 [info] No remotes found in the git config file.
2024-06-13 17:55:35.739 [info] > git config --get commit.template [45ms]
2024-06-13 17:55:35.740 [info] > git for-each-ref --format=%(refname)%00%(upstream:short)%00%(objectname)%00%(upstream:track)%00%(upstream:remotename)%00%(upstream:remoteref) refs/heads/main refs/remotes/main [4ms]
2024-06-13 17:55:35.740 [warning] No such branch: main.
2024-06-13 17:55:35.820 [info] > git status -z -uall [42ms]
2024-06-13 17:55:40.936 [info] > git config --get commit.template [4ms]
2024-06-13 17:55:40.962 [info] No remotes found in the git config file.
2024-06-13 17:55:40.963 [info] > git for-each-ref --format=%(refname)%00%(upstream:short)%00%(objectname)%00%(upstream:track)%00%(upstream:remotename)%00%(upstream:remoteref) refs/heads/main refs/remotes/main [2ms]
2024-06-13 17:55:40.964 [warning] No such branch: main.
2024-06-13 17:55:41.042 [info] > git status -z -uall [52ms]
2024-06-13 17:55:46.204 [info] No remotes found in the git config file.
2024-06-13 17:55:46.205 [info] > git config --get commit.template [30ms]
2024-06-13 17:55:46.206 [info] > git for-each-ref --format=%(refname)%00%(upstream:short)%00%(objectname)%00%(upstream:track)%00%(upstream:remotename)%00%(upstream:remoteref) refs/heads/main refs/remotes/main [3ms]
2024-06-13 17:55:46.207 [warning] No such branch: main.
2024-06-13 17:55:46.271 [info] > git status -z -uall [38ms]
2024-06-13 17:55:51.417 [info] > git config --get commit.template [29ms]
2024-06-13 17:55:51.418 [info] No remotes found in the git config file.
2024-06-13 17:55:51.444 [info] > git for-each-ref --format=%(refname)%00%(upstream:short)%00%(objectname)%00%(upstream:track)%00%(upstream:remotename)%00%(upstream:remoteref) refs/heads/main refs/remotes/main [28ms]
2024-06-13 17:55:51.444 [warning] No such branch: main.
2024-06-13 17:55:51.514 [info] > git status -z -uall [45ms]
2024-06-13 17:55:57.777 [info] > git config --get commit.template [2ms]
2024-06-13 17:55:57.804 [info] No remotes found in the git config file.
2024-06-13 17:55:57.806 [info] > git for-each-ref --format=%(refname)%00%(upstream:short)%00%(objectname)%00%(upstream:track)%00%(upstream:remotename)%00%(upstream:remoteref) refs/heads/main refs/remotes/main [2ms]
2024-06-13 17:55:57.806 [warning] No such branch: main.
2024-06-13 17:55:57.884 [info] > git status -z -uall [50ms]
2024-06-13 17:56:03.047 [info] No remotes found in the git config file.
2024-06-13 17:56:03.050 [info] > git config --get commit.template [31ms]
2024-06-13 17:56:03.050 [info] > git for-each-ref --format=%(refname)%00%(upstream:short)%00%(objectname)%00%(upstream:track)%00%(upstream:remotename)%00%(upstream:remoteref) refs/heads/main refs/remotes/main [3ms]
2024-06-13 17:56:03.050 [warning] No such branch: main.
2024-06-13 17:56:03.114 [info] > git status -z -uall [37ms]
2024-06-13 17:56:08.262 [info] No remotes found in the git config file.
2024-06-13 17:56:08.263 [info] > git config --get commit.template [29ms]
2024-06-13 17:56:08.264 [info] > git for-each-ref --format=%(refname)%00%(upstream:short)%00%(objectname)%00%(upstream:track)%00%(upstream:remotename)%00%(upstream:remoteref) refs/heads/main refs/remotes/main [3ms]
2024-06-13 17:56:08.264 [warning] No such branch: main.
2024-06-13 17:56:08.334 [info] > git status -z -uall [44ms]
2024-06-13 17:56:13.484 [info] No remotes found in the git config file.
2024-06-13 17:56:13.485 [info] > git config --get commit.template [29ms]
2024-06-13 17:56:13.486 [info] > git for-each-ref --format=%(refname)%00%(upstream:short)%00%(objectname)%00%(upstream:track)%00%(upstream:remotename)%00%(upstream:remoteref) refs/heads/main refs/remotes/main [2ms]
2024-06-13 17:56:13.486 [warning] No such branch: main.
2024-06-13 17:56:13.551 [info] > git status -z -uall [39ms]
2024-06-13 17:56:18.691 [info] No remotes found in the git config file.
2024-06-13 17:56:18.692 [info] > git config --get commit.template [29ms]
2024-06-13 17:56:18.692 [info] > git for-each-ref --format=%(refname)%00%(upstream:short)%00%(objectname)%00%(upstream:track)%00%(upstream:remotename)%00%(upstream:remoteref) refs/heads/main refs/remotes/main [2ms]
2024-06-13 17:56:18.692 [warning] No such branch: main.
2024-06-13 17:56:18.762 [info] > git status -z -uall [44ms]
2024-06-13 17:56:23.906 [info] No remotes found in the git config file.
2024-06-13 17:56:23.908 [info] > git config --get commit.template [31ms]
2024-06-13 17:56:23.908 [info] > git for-each-ref --format=%(refname)%00%(upstream:short)%00%(objectname)%00%(upstream:track)%00%(upstream:remotename)%00%(upstream:remoteref) refs/heads/main refs/remotes/main [2ms]
2024-06-13 17:56:23.908 [warning] No such branch: main.
2024-06-13 17:56:23.974 [info] > git status -z -uall [37ms]
2024-06-13 17:56:29.126 [info] No remotes found in the git config file.
2024-06-13 17:56:29.128 [info] > git config --get commit.template [31ms]
2024-06-13 17:56:29.128 [info] > git for-each-ref --format=%(refname)%00%(upstream:short)%00%(objectname)%00%(upstream:track)%00%(upstream:remotename)%00%(upstream:remoteref) refs/heads/main refs/remotes/main [2ms]
2024-06-13 17:56:29.128 [warning] No such branch: main.
2024-06-13 17:56:29.205 [info] > git status -z -uall [47ms]
2024-06-13 17:56:34.355 [info] No remotes found in the git config file.
2024-06-13 17:56:34.356 [info] > git config --get commit.template [31ms]
2024-06-13 17:56:34.356 [info] > git for-each-ref --format=%(refname)%00%(upstream:short)%00%(objectname)%00%(upstream:track)%00%(upstream:remotename)%00%(upstream:remoteref) refs/heads/main refs/remotes/main [2ms]
2024-06-13 17:56:34.357 [warning] No such branch: main.
2024-06-13 17:56:34.422 [info] > git status -z -uall [37ms]
2024-06-13 17:56:39.569 [info] No remotes found in the git config file.
2024-06-13 17:56:39.571 [info] > git config --get commit.template [34ms]
2024-06-13 17:56:39.572 [info] > git for-each-ref --format=%(refname)%00%(upstream:short)%00%(objectname)%00%(upstream:track)%00%(upstream:remotename)%00%(upstream:remoteref) refs/heads/main refs/remotes/main [2ms]
2024-06-13 17:56:39.572 [warning] No such branch: main.
2024-06-13 17:56:39.641 [info] > git status -z -uall [38ms]
2024-06-13 17:56:44.793 [info] No remotes found in the git config file.
2024-06-13 17:56:44.795 [info] > git config --get commit.template [35ms]
2024-06-13 17:56:44.795 [info] > git for-each-ref --format=%(refname)%00%(upstream:short)%00%(objectname)%00%(upstream:track)%00%(upstream:remotename)%00%(upstream:remoteref) refs/heads/main refs/remotes/main [2ms]
2024-06-13 17:56:44.795 [warning] No such branch: main.
2024-06-13 17:56:44.865 [info] > git status -z -uall [38ms]
2024-06-13 17:56:46.951 [info] > git -c user.useConfigOnly=true commit --quiet --allow-empty-message --file - [89ms]
2024-06-13 17:56:47.006 [info] > git config --get commit.template [4ms]
2024-06-13 17:56:47.113 [info] No remotes found in the git config file.
2024-06-13 17:56:47.136 [info] > git for-each-ref --format=%(refname)%00%(upstream:short)%00%(objectname)%00%(upstream:track)%00%(upstream:remotename)%00%(upstream:remoteref) refs/heads/main refs/remotes/main [20ms]
2024-06-13 17:56:47.137 [info] > git config --get commit.template [77ms]
2024-06-13 17:56:47.277 [info] > git status -z -uall [55ms]
2024-06-13 17:56:47.946 [info] > git for-each-ref --format=%(refname)%00%(upstream:short)%00%(objectname)%00%(upstream:track)%00%(upstream:remotename)%00%(upstream:remoteref) refs/heads/main [70ms]
2024-06-13 17:56:47.999 [info] > git config --get commit.template [55ms]
2024-06-13 17:56:48.054 [info] No remotes found in the git config file.
2024-06-13 17:56:48.056 [info] > git for-each-ref --format=%(refname)%00%(upstream:short)%00%(objectname)%00%(upstream:track)%00%(upstream:remotename)%00%(upstream:remoteref) refs/heads/main [60ms]
2024-06-13 17:56:48.160 [info] > git config --local branch.main.vscode-merge-base [51ms]
2024-06-13 17:56:48.160 [warning] git config failed: Failed to execute git
2024-06-13 17:56:48.224 [info] > git for-each-ref --format=%(refname)%00%(upstream:short)%00%(objectname)%00%(upstream:track)%00%(upstream:remotename)%00%(upstream:remoteref) refs/heads/main refs/remotes/main [170ms]
2024-06-13 17:56:48.277 [info] > git check-ignore -v -z --stdin [119ms]
2024-06-13 17:56:48.280 [info] > git reflog refs/heads/main --grep-reflog=branch: Created from *. [57ms]
2024-06-13 17:56:48.388 [info] > git status -z -uall [114ms]
2024-06-13 17:56:48.403 [info] > git symbolic-ref --short refs/remotes/origin/HEAD [16ms]
2024-06-13 17:56:48.403 [info] fatal: ref refs/remotes/origin/HEAD is not a symbolic ref
2024-06-13 17:56:48.403 [info] GitHistoryProvider:resolveHistoryItemGroupBase - Failed to resolve history item group base for 'refs/heads/main'
2024-06-13 17:56:48.404 [info] GitHistoryProvider:resolveHistoryItemGroupCommonAncestor - Failed to resolve history item group base for 'refs/heads/main'
2024-06-13 17:56:48.641 [info] > git for-each-ref --format=%(refname)%00%(upstream:short)%00%(objectname)%00%(upstream:track)%00%(upstream:remotename)%00%(upstream:remoteref) refs/heads/main [5ms]
2024-06-13 17:56:48.691 [info] > git for-each-ref --format=%(refname)%00%(upstream:short)%00%(objectname)%00%(upstream:track)%00%(upstream:remotename)%00%(upstream:remoteref) refs/heads/main [6ms]
2024-06-13 17:56:48.787 [info] > git config --local branch.main.vscode-merge-base [50ms]
2024-06-13 17:56:48.788 [warning] git config failed: Failed to execute git
2024-06-13 17:56:48.842 [info] > git ls-files --stage -- /home/danielzcomputacao/.gitignore [57ms]
2024-06-13 17:56:48.848 [info] > git reflog refs/heads/main --grep-reflog=branch: Created from *. [7ms]
2024-06-13 17:56:48.896 [info] > git symbolic-ref --short refs/remotes/origin/HEAD [5ms]
2024-06-13 17:56:48.896 [info] fatal: ref refs/remotes/origin/HEAD is not a symbolic ref
2024-06-13 17:56:48.897 [info] GitHistoryProvider:resolveHistoryItemGroupBase - Failed to resolve history item group base for 'refs/heads/main'
2024-06-13 17:56:48.897 [info] GitHistoryProvider:resolveHistoryItemGroupCommonAncestor - Failed to resolve history item group base for 'refs/heads/main'
2024-06-13 17:56:49.076 [info] > git show --textconv :.gitignore [12ms]
2024-06-13 17:56:50.056 [info] No remotes found in the git config file.
2024-06-13 17:56:50.057 [info] > git config --get commit.template [51ms]
2024-06-13 17:56:50.061 [info] > git for-each-ref --format=%(refname)%00%(upstream:short)%00%(objectname)%00%(upstream:track)%00%(upstream:remotename)%00%(upstream:remoteref) refs/heads/main refs/remotes/main [5ms]
2024-06-13 17:56:50.147 [info] > git status -z -uall [41ms]
2024-06-13 17:56:55.187 [info] > git config --get commit.template [4ms]
2024-06-13 17:56:55.219 [info] No remotes found in the git config file.
2024-06-13 17:56:55.221 [info] > git for-each-ref --format=%(refname)%00%(upstream:short)%00%(objectname)%00%(upstream:track)%00%(upstream:remotename)%00%(upstream:remoteref) refs/heads/main refs/remotes/main [2ms]
2024-06-13 17:56:55.285 [info] > git status -z -uall [29ms]
2024-06-13 17:56:56.474 [info] > git ls-files --stage -- /home/danielzcomputacao/.gitignore [5ms]
2024-06-13 17:56:56.656 [info] > git show --textconv :.gitignore [5ms]
2024-06-13 17:57:00.355 [info] No remotes found in the git config file.
2024-06-13 17:57:00.356 [info] > git config --get commit.template [35ms]
2024-06-13 17:57:00.357 [info] > git for-each-ref --format=%(refname)%00%(upstream:short)%00%(objectname)%00%(upstream:track)%00%(upstream:remotename)%00%(upstream:remoteref) refs/heads/main refs/remotes/main [3ms]
2024-06-13 17:57:00.419 [info] > git status -z -uall [30ms]
2024-06-13 17:57:02.143 [info] > git add -A -- /home/danielzcomputacao/.bash_history /home/danielzcomputacao/.codeoss/data/logs/20240613T173216/exthost1/output_logging_20240613T173226/2-EditorConfig.log /home/danielzcomputacao/.codeoss/data/logs/20240613T173216/exthost1/remoteexthost.log /home/danielzcomputacao/.codeoss/data/logs/20240613T173216/exthost1/vscode.git/Git.log /home/danielzcomputacao/.codeoss/data/User/History/-5202cff3/1OMB /home/danielzcomputacao/.codeoss/data/User/History/-5202cff3/ETas /home/danielzcomputacao/.codeoss/data/User/History/-5202cff3/entries.json /home/danielzcomputacao/.gitconfig /home/danielzcomputacao/.gitignore [23ms]
2024-06-13 17:57:02.216 [info] No remotes found in the git config file.
2024-06-13 17:57:02.217 [info] > git config --get commit.template [37ms]
2024-06-13 17:57:02.218 [info] > git for-each-ref --format=%(refname)%00%(upstream:short)%00%(objectname)%00%(upstream:track)%00%(upstream:remotename)%00%(upstream:remoteref) refs/heads/main refs/remotes/main [3ms]
2024-06-13 17:57:02.291 [info] > git status -z -uall [41ms]
2024-06-13 17:57:02.436 [info] > git for-each-ref --format=%(refname)%00%(upstream:short)%00%(objectname)%00%(upstream:track)%00%(upstream:remotename)%00%(upstream:remoteref) refs/heads/main [2ms]
2024-06-13 17:57:02.471 [info] > git for-each-ref --format=%(refname)%00%(upstream:short)%00%(objectname)%00%(upstream:track)%00%(upstream:remotename)%00%(upstream:remoteref) refs/heads/main [3ms]
2024-06-13 17:57:02.507 [info] > git config --local branch.main.vscode-merge-base [2ms]
2024-06-13 17:57:02.507 [warning] git config failed: Failed to execute git
2024-06-13 17:57:02.545 [info] > git reflog refs/heads/main --grep-reflog=branch: Created from *. [4ms]
2024-06-13 17:57:02.581 [info] > git symbolic-ref --short refs/remotes/origin/HEAD [3ms]
2024-06-13 17:57:02.581 [info] fatal: ref refs/remotes/origin/HEAD is not a symbolic ref
2024-06-13 17:57:02.581 [info] GitHistoryProvider:resolveHistoryItemGroupBase - Failed to resolve history item group base for 'refs/heads/main'
2024-06-13 17:57:02.581 [info] GitHistoryProvider:resolveHistoryItemGroupCommonAncestor - Failed to resolve history item group base for 'refs/heads/main'
2024-06-13 17:57:02.785 [info] > git for-each-ref --format=%(refname)%00%(upstream:short)%00%(objectname)%00%(upstream:track)%00%(upstream:remotename)%00%(upstream:remoteref) refs/heads/main [3ms]
2024-06-13 17:57:02.822 [info] > git for-each-ref --format=%(refname)%00%(upstream:short)%00%(objectname)%00%(upstream:track)%00%(upstream:remotename)%00%(upstream:remoteref) refs/heads/main [3ms]
2024-06-13 17:57:02.858 [info] > git config --local branch.main.vscode-merge-base [2ms]
2024-06-13 17:57:02.858 [warning] git config failed: Failed to execute git
2024-06-13 17:57:02.894 [info] > git reflog refs/heads/main --grep-reflog=branch: Created from *. [3ms]
2024-06-13 17:57:02.930 [info] > git symbolic-ref --short refs/remotes/origin/HEAD [2ms]
2024-06-13 17:57:02.930 [info] fatal: ref refs/remotes/origin/HEAD is not a symbolic ref
2024-06-13 17:57:02.930 [info] GitHistoryProvider:resolveHistoryItemGroupBase - Failed to resolve history item group base for 'refs/heads/main'
2024-06-13 17:57:02.930 [info] GitHistoryProvider:resolveHistoryItemGroupCommonAncestor - Failed to resolve history item group base for 'refs/heads/main'
2024-06-13 17:57:03.719 [info] > git ls-files --stage -- /home/danielzcomputacao/.gitignore [5ms]
2024-06-13 17:57:03.754 [info] > git cat-file -s 1cf01105b1f155d0467ed19a1e6072bd787731fa [2ms]
2024-06-13 17:57:03.936 [info] > git show --textconv :.gitignore [6ms]
2024-06-13 17:57:05.490 [info] No remotes found in the git config file.
2024-06-13 17:57:05.530 [info] > git config --get commit.template [74ms]
2024-06-13 17:57:05.532 [info] > git for-each-ref --format=%(refname)%00%(upstream:short)%00%(objectname)%00%(upstream:track)%00%(upstream:remotename)%00%(upstream:remoteref) refs/heads/main refs/remotes/main [42ms]
